The system is: Windows - 10.0.19045 - AMD64
Compiling the C compiler identification source file "CMakeCCompilerId.c" succeeded.
Compiler: C:/Program Files/Microsoft Visual Studio/2022/Community/VC/Tools/MSVC/14.33.31629/bin/HostX64/x64/cl.exe 
Build flags: 
Id flags:  

The output was:
0
Compilateur d'optimisation Microsoft (R) C/C++ version 19.33.31631 pour x64
Copyright (C) Microsoft Corporation. Tous droits réservés.

CMakeCCompilerId.c
Microsoft (R) Incremental Linker Version 14.33.31631.0
Copyright (C) Microsoft Corporation.  All rights reserved.

/out:CMakeCCompilerId.exe 
CMakeCCompilerId.obj 


Compilation of the C compiler identification source "CMakeCCompilerId.c" produced "CMakeCCompilerId.exe"

Compilation of the C compiler identification source "CMakeCCompilerId.c" produced "CMakeCCompilerId.obj"

The C compiler identification is MSVC, found in "C:/Users/david/source/repos/won-core/vendor/zlib/out/build/x64-Debug/CMakeFiles/3.25.1-msvc1/CompilerIdC/CMakeCCompilerId.exe"

Detecting C compiler ABI info compiled with the following output:
Change Dir: C:/Users/david/source/repos/won-core/vendor/zlib/out/build/x64-Debug/CMakeFiles/CMakeScratch/TryCompile-gvfj3t

Run Build Command(s):C:/Program Files/Microsoft Visual Studio/2022/Community/Common7/IDE/CommonExtensions/Microsoft/CMake/Ninja/ninja.exe cmTC_81330 && [1/2] Building C object CMakeFiles\cmTC_81330.dir\CMakeCCompilerABI.c.obj
[2/2] Linking C executable cmTC_81330.exe



Determining if the include file sys/types.h exists passed with the following output:
Change Dir: C:/Users/david/source/repos/won-core/vendor/zlib/out/build/x64-Debug/CMakeFiles/CMakeScratch/TryCompile-bvyta7

Run Build Command(s):C:/Program Files/Microsoft Visual Studio/2022/Community/Common7/IDE/CommonExtensions/Microsoft/CMake/Ninja/ninja.exe cmTC_d07ab && [1/2] Building C object CMakeFiles\cmTC_d07ab.dir\CheckIncludeFile.c.obj
[2/2] Linking C executable cmTC_d07ab.exe



Determining if the include file stdint.h exists passed with the following output:
Change Dir: C:/Users/david/source/repos/won-core/vendor/zlib/out/build/x64-Debug/CMakeFiles/CMakeScratch/TryCompile-gsrflk

Run Build Command(s):C:/Program Files/Microsoft Visual Studio/2022/Community/Common7/IDE/CommonExtensions/Microsoft/CMake/Ninja/ninja.exe cmTC_f0f86 && [1/2] Building C object CMakeFiles\cmTC_f0f86.dir\CheckIncludeFile.c.obj
[2/2] Linking C executable cmTC_f0f86.exe



Determining if the include file stddef.h exists passed with the following output:
Change Dir: C:/Users/david/source/repos/won-core/vendor/zlib/out/build/x64-Debug/CMakeFiles/CMakeScratch/TryCompile-4ry483

Run Build Command(s):C:/Program Files/Microsoft Visual Studio/2022/Community/Common7/IDE/CommonExtensions/Microsoft/CMake/Ninja/ninja.exe cmTC_71aa4 && [1/2] Building C object CMakeFiles\cmTC_71aa4.dir\CheckIncludeFile.c.obj
[2/2] Linking C executable cmTC_71aa4.exe



