The system is: Windows - 10.0.19045 - AMD64
Compiling the C compiler identification source file "CMakeCCompilerId.c" succeeded.
Compiler: C:/Program Files/Microsoft Visual Studio/2022/Community/VC/Tools/MSVC/14.33.31629/bin/HostX64/x64/cl.exe 
Build flags: 
Id flags:  

The output was:
0
Compilateur d'optimisation Microsoft (R) C/C++ version 19.33.31631 pour x64
Copyright (C) Microsoft Corporation. Tous droits réservés.

CMakeCCompilerId.c
Microsoft (R) Incremental Linker Version 14.33.31631.0
Copyright (C) Microsoft Corporation.  All rights reserved.

/out:CMakeCCompilerId.exe 
CMakeCCompilerId.obj 


Compilation of the C compiler identification source "CMakeCCompilerId.c" produced "CMakeCCompilerId.exe"

Compilation of the C compiler identification source "CMakeCCompilerId.c" produced "CMakeCCompilerId.obj"

The C compiler identification is MSVC, found in "C:/Users/david/source/repos/won-core/vendor/zlib/bin/Release-windows/zlib/CMakeFiles/3.25.1-msvc1/CompilerIdC/CMakeCCompilerId.exe"

Detecting C compiler ABI info compiled with the following output:
Change Dir: C:/Users/david/source/repos/won-core/vendor/zlib/bin/Release-windows/zlib/CMakeFiles/CMakeScratch/TryCompile-ewcgd7

Run Build Command(s):C:/Program Files/Microsoft Visual Studio/2022/Community/Common7/IDE/CommonExtensions/Microsoft/CMake/Ninja/ninja.exe cmTC_37d0d && [1/2] Building C object CMakeFiles\cmTC_37d0d.dir\CMakeCCompilerABI.c.obj
[2/2] Linking C executable cmTC_37d0d.exe



Determining if the include file sys/types.h exists passed with the following output:
Change Dir: C:/Users/david/source/repos/won-core/vendor/zlib/bin/Release-windows/zlib/CMakeFiles/CMakeScratch/TryCompile-c47gcs

Run Build Command(s):C:/Program Files/Microsoft Visual Studio/2022/Community/Common7/IDE/CommonExtensions/Microsoft/CMake/Ninja/ninja.exe cmTC_c4cfd && [1/2] Building C object CMakeFiles\cmTC_c4cfd.dir\CheckIncludeFile.c.obj
[2/2] Linking C executable cmTC_c4cfd.exe



Determining if the include file stdint.h exists passed with the following output:
Change Dir: C:/Users/david/source/repos/won-core/vendor/zlib/bin/Release-windows/zlib/CMakeFiles/CMakeScratch/TryCompile-2zidmj

Run Build Command(s):C:/Program Files/Microsoft Visual Studio/2022/Community/Common7/IDE/CommonExtensions/Microsoft/CMake/Ninja/ninja.exe cmTC_6d180 && [1/2] Building C object CMakeFiles\cmTC_6d180.dir\CheckIncludeFile.c.obj
[2/2] Linking C executable cmTC_6d180.exe



Determining if the include file stddef.h exists passed with the following output:
Change Dir: C:/Users/david/source/repos/won-core/vendor/zlib/bin/Release-windows/zlib/CMakeFiles/CMakeScratch/TryCompile-qtkw1i

Run Build Command(s):C:/Program Files/Microsoft Visual Studio/2022/Community/Common7/IDE/CommonExtensions/Microsoft/CMake/Ninja/ninja.exe cmTC_2171d && [1/2] Building C object CMakeFiles\cmTC_2171d.dir\CheckIncludeFile.c.obj
[2/2] Linking C executable cmTC_2171d.exe



