The system is: Windows - 10.0.19045 - AMD64
Compiling the C compiler identification source file "CMakeCCompilerId.c" succeeded.
Compiler: C:/Program Files/Microsoft Visual Studio/2022/Community/VC/Tools/MSVC/14.33.31629/bin/HostX64/x64/cl.exe 
Build flags: 
Id flags:  

The output was:
0
Compilateur d'optimisation Microsoft (R) C/C++ version 19.33.31631 pour x64
Copyright (C) Microsoft Corporation. Tous droits réservés.

CMakeCCompilerId.c
Microsoft (R) Incremental Linker Version 14.33.31631.0
Copyright (C) Microsoft Corporation.  All rights reserved.

/out:CMakeCCompilerId.exe 
CMakeCCompilerId.obj 


Compilation of the C compiler identification source "CMakeCCompilerId.c" produced "CMakeCCompilerId.exe"

Compilation of the C compiler identification source "CMakeCCompilerId.c" produced "CMakeCCompilerId.obj"

The C compiler identification is MSVC, found in "C:/Users/david/source/repos/won-core/vendor/zlib/out/build/x64-Release/CMakeFiles/3.25.1-msvc1/CompilerIdC/CMakeCCompilerId.exe"

Detecting C compiler ABI info compiled with the following output:
Change Dir: C:/Users/david/source/repos/won-core/vendor/zlib/out/build/x64-Release/CMakeFiles/CMakeScratch/TryCompile-f5qviw

Run Build Command(s):C:/Program Files/Microsoft Visual Studio/2022/Community/Common7/IDE/CommonExtensions/Microsoft/CMake/Ninja/ninja.exe cmTC_ae73d && [1/2] Building C object CMakeFiles\cmTC_ae73d.dir\CMakeCCompilerABI.c.obj
[2/2] Linking C executable cmTC_ae73d.exe



Determining if the include file sys/types.h exists passed with the following output:
Change Dir: C:/Users/david/source/repos/won-core/vendor/zlib/out/build/x64-Release/CMakeFiles/CMakeScratch/TryCompile-l9kx0y

Run Build Command(s):C:/Program Files/Microsoft Visual Studio/2022/Community/Common7/IDE/CommonExtensions/Microsoft/CMake/Ninja/ninja.exe cmTC_bc4c6 && [1/2] Building C object CMakeFiles\cmTC_bc4c6.dir\CheckIncludeFile.c.obj
[2/2] Linking C executable cmTC_bc4c6.exe



Determining if the include file stdint.h exists passed with the following output:
Change Dir: C:/Users/david/source/repos/won-core/vendor/zlib/out/build/x64-Release/CMakeFiles/CMakeScratch/TryCompile-7feyos

Run Build Command(s):C:/Program Files/Microsoft Visual Studio/2022/Community/Common7/IDE/CommonExtensions/Microsoft/CMake/Ninja/ninja.exe cmTC_04502 && [1/2] Building C object CMakeFiles\cmTC_04502.dir\CheckIncludeFile.c.obj
[2/2] Linking C executable cmTC_04502.exe



Determining if the include file stddef.h exists passed with the following output:
Change Dir: C:/Users/david/source/repos/won-core/vendor/zlib/out/build/x64-Release/CMakeFiles/CMakeScratch/TryCompile-17a68o

Run Build Command(s):C:/Program Files/Microsoft Visual Studio/2022/Community/Common7/IDE/CommonExtensions/Microsoft/CMake/Ninja/ninja.exe cmTC_7b8b9 && [1/2] Building C object CMakeFiles\cmTC_7b8b9.dir\CheckIncludeFile.c.obj
[2/2] Linking C executable cmTC_7b8b9.exe



